<?xml version="1.0" encoding="UTF-8"?>
<!-- Generated by org.testng.reporters.JUnitReportReporter -->
<testsuite hostname="ndi-lap-845" failures="0" tests="1" name="TestCases.signInTest" time="63.931" errors="0" timestamp="2020-03-30T17:00:12 IST" skipped="0">
  <testcase classname="TestCases.signInTest" name="isEmailDisplayed" time="63.931"/>
</testsuite> <!-- TestCases.signInTest -->
