<?xml version="1.0" encoding="UTF-8"?>
<!-- Generated by org.testng.reporters.JUnitReportReporter -->
<testsuite hostname="ndi-lap-845" failures="0" tests="1" name="TestCases.signInTest" time="62.744" errors="0" timestamp="2020-03-30T23:18:57 IST" skipped="0">
  <testcase classname="TestCases.signInTest" name="isEmailDisplayed" time="62.744"/>
</testsuite> <!-- TestCases.signInTest -->
