<?xml version="1.0" encoding="UTF-8"?>
<!-- Generated by org.testng.reporters.JUnitReportReporter -->
<testsuite hostname="ndi-lap-845" failures="0" tests="5" name="TestCases.workdayTestCase" time="54.335" errors="0" timestamp="2020-04-02T14:08:26 IST" skipped="0">
  <testcase classname="TestCases.workdayTestCase" name="isEmailDisplayed" time="14.238"/>
  <testcase classname="TestCases.workdayTestCase" name="checkTickAndSubmit" time="10.018"/>
  <testcase classname="TestCases.workdayTestCase" name="checkUser" time="10.056"/>
  <testcase classname="TestCases.workdayTestCase" name="isPersonalInfoClicked" time="10.010"/>
  <testcase classname="TestCases.workdayTestCase" name="isCommentAdded" time="10.013"/>
</testsuite> <!-- TestCases.workdayTestCase -->
